c:\users\p149985\desktop\client\winsock\debug\winsock.pch
c:\users\p149985\desktop\client\winsock\debug\vc141.pdb
c:\users\p149985\desktop\client\winsock\debug\vc141.idb
c:\users\p149985\desktop\client\winsock\debug\pch.obj
c:\users\p149985\desktop\client\winsock\debug\source.obj
c:\users\p149985\desktop\client\winsock\debug\classtcpclient.obj
c:\users\s149985\documents\net assignment\client\winsock\debug\winsock.pch
c:\users\s149985\documents\net assignment\client\winsock\debug\vc141.pdb
c:\users\s149985\documents\net assignment\client\winsock\debug\vc141.idb
c:\users\s149985\documents\net assignment\client\winsock\debug\pch.obj
c:\users\p149985\desktop\client\debug\winsock.exe
c:\users\p149985\desktop\client\debug\winsock.ilk
c:\users\p149985\desktop\client\debug\winsock.pdb
c:\users\s149985\desktop\client\winsock\debug\byteorderudp.obj
c:\users\s149985\desktop\client\winsock\debug\classbyteorderudp.obj
c:\users\s149985\desktop\client\winsock\debug\classtcpclient.obj
c:\users\s149985\desktop\client\winsock\debug\classudp.obj
c:\users\s149985\desktop\client\winsock\debug\packunpack.obj
c:\users\s149985\desktop\client\winsock\debug\pch.obj
c:\users\s149985\desktop\client\winsock\debug\source.obj
c:\users\s149985\desktop\client\winsock\debug\tcpclient.obj
c:\users\s149985\desktop\client\winsock\debug\tcpserver.obj
c:\users\s149985\desktop\client\winsock\debug\winsock.pch
c:\users\s149985\desktop\client\winsock\debug\vc141.idb
c:\users\s149985\desktop\client\winsock\debug\vc141.pdb
c:\users\s149985\desktop\client\debug\winsock.pdb
c:\users\s149985\desktop\client\debug\winsock.exe
c:\users\s149985\desktop\client\debug\winsock.ilk
c:\users\s149985\desktop\client\winsock\debug\winsock.tlog\cl.command.1.tlog
c:\users\s149985\desktop\client\winsock\debug\winsock.tlog\cl.read.1.tlog
c:\users\s149985\desktop\client\winsock\debug\winsock.tlog\cl.write.1.tlog
c:\users\s149985\desktop\client\winsock\debug\winsock.tlog\link.command.1.tlog
c:\users\s149985\desktop\client\winsock\debug\winsock.tlog\link.read.1.tlog
c:\users\s149985\desktop\client\winsock\debug\winsock.tlog\link.write.1.tlog
